{"/Users/student/Programing/js_exploration_game/src/input/input.js": {"path":"/Users/student/Programing/js_exploration_game/src/input/input.js","statementMap":{"0":{"start":{"line":1,"column":22},"end":{"line":1,"column":35}},"1":{"start":{"line":2,"column":14},"end":{"line":2,"column":19}},"2":{"start":{"line":5,"column":2},"end":{"line":5,"column":24}},"3":{"start":{"line":9,"column":2},"end":{"line":9,"column":49}},"4":{"start":{"line":14,"column":2},"end":{"line":17,"column":3}},"5":{"start":{"line":15,"column":4},"end":{"line":15,"column":37}},"6":{"start":{"line":16,"column":4},"end":{"line":16,"column":18}},"7":{"start":{"line":18,"column":2},"end":{"line":21,"column":3}},"8":{"start":{"line":19,"column":4},"end":{"line":19,"column":37}},"9":{"start":{"line":20,"column":4},"end":{"line":20,"column":18}},"10":{"start":{"line":22,"column":2},"end":{"line":25,"column":3}},"11":{"start":{"line":23,"column":4},"end":{"line":23,"column":36}},"12":{"start":{"line":24,"column":4},"end":{"line":24,"column":18}},"13":{"start":{"line":26,"column":2},"end":{"line":29,"column":3}},"14":{"start":{"line":27,"column":4},"end":{"line":27,"column":36}},"15":{"start":{"line":28,"column":4},"end":{"line":28,"column":18}},"16":{"start":{"line":34,"column":2},"end":{"line":34,"column":17}}},"fnMap":{"0":{"name":"getPlayerDirection","decl":{"start":{"line":4,"column":9},"end":{"line":4,"column":27}},"loc":{"start":{"line":4,"column":30},"end":{"line":6,"column":1}},"line":4},"1":{"name":"keyPress","decl":{"start":{"line":8,"column":9},"end":{"line":8,"column":17}},"loc":{"start":{"line":8,"column":20},"end":{"line":10,"column":1}},"line":8},"2":{"name":"useKeyPress","decl":{"start":{"line":12,"column":9},"end":{"line":12,"column":20}},"loc":{"start":{"line":12,"column":24},"end":{"line":30,"column":1}},"line":12},"3":{"name":"unpressed","decl":{"start":{"line":33,"column":9},"end":{"line":33,"column":18}},"loc":{"start":{"line":33,"column":21},"end":{"line":35,"column":1}},"line":33}},"branchMap":{"0":{"loc":{"start":{"line":14,"column":2},"end":{"line":17,"column":3}},"type":"if","locations":[{"start":{"line":14,"column":2},"end":{"line":17,"column":3}},{"start":{"line":14,"column":2},"end":{"line":17,"column":3}}],"line":14},"1":{"loc":{"start":{"line":18,"column":2},"end":{"line":21,"column":3}},"type":"if","locations":[{"start":{"line":18,"column":2},"end":{"line":21,"column":3}},{"start":{"line":18,"column":2},"end":{"line":21,"column":3}}],"line":18},"2":{"loc":{"start":{"line":22,"column":2},"end":{"line":25,"column":3}},"type":"if","locations":[{"start":{"line":22,"column":2},"end":{"line":25,"column":3}},{"start":{"line":22,"column":2},"end":{"line":25,"column":3}}],"line":22},"3":{"loc":{"start":{"line":26,"column":2},"end":{"line":29,"column":3}},"type":"if","locations":[{"start":{"line":26,"column":2},"end":{"line":29,"column":3}},{"start":{"line":26,"column":2},"end":{"line":29,"column":3}}],"line":26}},"s":{"0":1,"1":1,"2":4,"3":0,"4":4,"5":1,"6":1,"7":4,"8":1,"9":1,"10":4,"11":1,"12":1,"13":4,"14":1,"15":1,"16":0},"f":{"0":4,"1":0,"2":4,"3":0},"b":{"0":[1,3],"1":[1,3],"2":[1,3],"3":[1,3]},"inputSourceMap":null,"_coverageSchema":"1a1c01bbd47fc00a2c39e90264f33305004495a9","hash":"beffd7b1381168aab6545a5ec5709620b793bae8"}
,"/Users/student/Programing/js_exploration_game/src/player/player.js": {"path":"/Users/student/Programing/js_exploration_game/src/player/player.js","statementMap":{"0":{"start":{"line":1,"column":30},"end":{"line":1,"column":32}},"1":{"start":{"line":2,"column":21},"end":{"line":2,"column":35}},"2":{"start":{"line":5,"column":4},"end":{"line":5,"column":29}},"3":{"start":{"line":9,"column":2},"end":{"line":18,"column":3}},"4":{"start":{"line":10,"column":32},"end":{"line":13,"column":5}},"5":{"start":{"line":14,"column":4},"end":{"line":17,"column":5}},"6":{"start":{"line":15,"column":6},"end":{"line":15,"column":46}},"7":{"start":{"line":16,"column":6},"end":{"line":16,"column":46}},"8":{"start":{"line":23,"column":2},"end":{"line":27,"column":5}},"9":{"start":{"line":24,"column":2},"end":{"line":26,"column":3}},"10":{"start":{"line":25,"column":4},"end":{"line":25,"column":30}},"11":{"start":{"line":28,"column":2},"end":{"line":28,"column":15}},"12":{"start":{"line":32,"column":22},"end":{"line":32,"column":51}},"13":{"start":{"line":33,"column":2},"end":{"line":33,"column":36}},"14":{"start":{"line":34,"column":2},"end":{"line":34,"column":39}},"15":{"start":{"line":35,"column":2},"end":{"line":35,"column":37}},"16":{"start":{"line":36,"column":2},"end":{"line":36,"column":34}}},"fnMap":{"0":{"name":"setPlayerLocation","decl":{"start":{"line":4,"column":9},"end":{"line":4,"column":26}},"loc":{"start":{"line":4,"column":37},"end":{"line":6,"column":1}},"line":4},"1":{"name":"updatePlayer","decl":{"start":{"line":8,"column":9},"end":{"line":8,"column":21}},"loc":{"start":{"line":8,"column":57},"end":{"line":19,"column":1}},"line":8},"2":{"name":"tileBlocked","decl":{"start":{"line":21,"column":9},"end":{"line":21,"column":20}},"loc":{"start":{"line":21,"column":40},"end":{"line":29,"column":1}},"line":21},"3":{"name":"(anonymous_3)","decl":{"start":{"line":23,"column":18},"end":{"line":23,"column":19}},"loc":{"start":{"line":23,"column":33},"end":{"line":27,"column":3}},"line":23},"4":{"name":"drawPlayer","decl":{"start":{"line":31,"column":9},"end":{"line":31,"column":19}},"loc":{"start":{"line":31,"column":29},"end":{"line":37,"column":1}},"line":31}},"branchMap":{"0":{"loc":{"start":{"line":9,"column":2},"end":{"line":18,"column":3}},"type":"if","locations":[{"start":{"line":9,"column":2},"end":{"line":18,"column":3}},{"start":{"line":9,"column":2},"end":{"line":18,"column":3}}],"line":9},"1":{"loc":{"start":{"line":14,"column":4},"end":{"line":17,"column":5}},"type":"if","locations":[{"start":{"line":14,"column":4},"end":{"line":17,"column":5}},{"start":{"line":14,"column":4},"end":{"line":17,"column":5}}],"line":14},"2":{"loc":{"start":{"line":24,"column":2},"end":{"line":26,"column":3}},"type":"if","locations":[{"start":{"line":24,"column":2},"end":{"line":26,"column":3}},{"start":{"line":24,"column":2},"end":{"line":26,"column":3}}],"line":24},"3":{"loc":{"start":{"line":24,"column":6},"end":{"line":24,"column":58}},"type":"binary-expr","locations":[{"start":{"line":24,"column":6},"end":{"line":24,"column":30}},{"start":{"line":24,"column":34},"end":{"line":24,"column":58}}],"line":24}},"s":{"0":1,"1":1,"2":6,"3":6,"4":5,"5":5,"6":4,"7":4,"8":7,"9":7,"10":7,"11":7,"12":0,"13":0,"14":0,"15":0,"16":0},"f":{"0":6,"1":6,"2":7,"3":7,"4":0},"b":{"0":[5,1],"1":[4,1],"2":[7,0],"3":[7,7]},"inputSourceMap":null,"_coverageSchema":"1a1c01bbd47fc00a2c39e90264f33305004495a9","hash":"5655f66e5565639309960a227be1d7b6ffb27881"}
,"/Users/student/Programing/js_exploration_game/src/tiles/tile.js": {"path":"/Users/student/Programing/js_exploration_game/src/tiles/tile.js","statementMap":{"0":{"start":{"line":2,"column":14},"end":{"line":2,"column":16}},"1":{"start":{"line":5,"column":2},"end":{"line":9,"column":3}},"2":{"start":{"line":5,"column":15},"end":{"line":5,"column":16}},"3":{"start":{"line":6,"column":4},"end":{"line":8,"column":5}},"4":{"start":{"line":6,"column":18},"end":{"line":6,"column":19}},"5":{"start":{"line":7,"column":6},"end":{"line":7,"column":53}},"6":{"start":{"line":10,"column":2},"end":{"line":10,"column":16}},"7":{"start":{"line":14,"column":2},"end":{"line":23,"column":3}},"8":{"start":{"line":16,"column":6},"end":{"line":16,"column":27}},"9":{"start":{"line":18,"column":6},"end":{"line":18,"column":28}},"10":{"start":{"line":20,"column":6},"end":{"line":20,"column":30}},"11":{"start":{"line":28,"column":4},"end":{"line":28,"column":17}},"12":{"start":{"line":29,"column":4},"end":{"line":29,"column":17}},"13":{"start":{"line":35,"column":4},"end":{"line":35,"column":15}},"14":{"start":{"line":36,"column":4},"end":{"line":36,"column":29}},"15":{"start":{"line":37,"column":4},"end":{"line":37,"column":26}},"16":{"start":{"line":43,"column":4},"end":{"line":43,"column":15}},"17":{"start":{"line":44,"column":4},"end":{"line":44,"column":28}},"18":{"start":{"line":45,"column":4},"end":{"line":45,"column":26}},"19":{"start":{"line":51,"column":4},"end":{"line":51,"column":15}},"20":{"start":{"line":52,"column":4},"end":{"line":52,"column":29}},"21":{"start":{"line":53,"column":4},"end":{"line":53,"column":27}}},"fnMap":{"0":{"name":"turnIntoTiles","decl":{"start":{"line":4,"column":9},"end":{"line":4,"column":22}},"loc":{"start":{"line":4,"column":34},"end":{"line":11,"column":1}},"line":4},"1":{"name":"singleTile","decl":{"start":{"line":13,"column":9},"end":{"line":13,"column":19}},"loc":{"start":{"line":13,"column":34},"end":{"line":24,"column":1}},"line":13},"2":{"name":"(anonymous_2)","decl":{"start":{"line":27,"column":2},"end":{"line":27,"column":3}},"loc":{"start":{"line":27,"column":20},"end":{"line":30,"column":3}},"line":27},"3":{"name":"(anonymous_3)","decl":{"start":{"line":34,"column":2},"end":{"line":34,"column":3}},"loc":{"start":{"line":34,"column":20},"end":{"line":38,"column":3}},"line":34},"4":{"name":"(anonymous_4)","decl":{"start":{"line":42,"column":2},"end":{"line":42,"column":3}},"loc":{"start":{"line":42,"column":20},"end":{"line":46,"column":3}},"line":42},"5":{"name":"(anonymous_5)","decl":{"start":{"line":50,"column":2},"end":{"line":50,"column":3}},"loc":{"start":{"line":50,"column":20},"end":{"line":54,"column":3}},"line":50}},"branchMap":{"0":{"loc":{"start":{"line":14,"column":2},"end":{"line":23,"column":3}},"type":"switch","locations":[{"start":{"line":15,"column":4},"end":{"line":16,"column":27}},{"start":{"line":17,"column":4},"end":{"line":18,"column":28}},{"start":{"line":19,"column":4},"end":{"line":20,"column":30}},{"start":{"line":21,"column":4},"end":{"line":21,"column":12}}],"line":14}},"s":{"0":1,"1":1,"2":1,"3":2,"4":2,"5":4,"6":1,"7":8,"8":3,"9":3,"10":2,"11":8,"12":8,"13":3,"14":3,"15":3,"16":3,"17":3,"18":3,"19":2,"20":2,"21":2},"f":{"0":1,"1":8,"2":8,"3":3,"4":3,"5":2},"b":{"0":[3,3,2,0]},"inputSourceMap":null,"_coverageSchema":"1a1c01bbd47fc00a2c39e90264f33305004495a9","hash":"030e5d57dffcaf91a1f4c04da53bb401398f2102"}
}
