TN:
SF:src/input/input.js
FN:4,getPlayerDirection
FN:8,keyPress
FN:12,useKeyPress
FN:33,unpressed
FNF:4
FNH:2
FNDA:4,getPlayerDirection
FNDA:0,keyPress
FNDA:4,useKeyPress
FNDA:0,unpressed
DA:1,1
DA:2,1
DA:5,4
DA:9,0
DA:14,4
DA:15,1
DA:16,1
DA:18,4
DA:19,1
DA:20,1
DA:22,4
DA:23,1
DA:24,1
DA:26,4
DA:27,1
DA:28,1
DA:34,0
LF:17
LH:15
BRDA:14,0,0,1
BRDA:14,0,1,3
BRDA:18,1,0,1
BRDA:18,1,1,3
BRDA:22,2,0,1
BRDA:22,2,1,3
BRDA:26,3,0,1
BRDA:26,3,1,3
BRF:8
BRH:8
end_of_record
TN:
SF:src/player/player.js
FN:4,setPlayerLocation
FN:8,updatePlayer
FN:21,tileBlocked
FN:23,(anonymous_3)
FN:31,drawPlayer
FNF:5
FNH:4
FNDA:6,setPlayerLocation
FNDA:6,updatePlayer
FNDA:7,tileBlocked
FNDA:7,(anonymous_3)
FNDA:0,drawPlayer
DA:1,1
DA:2,1
DA:5,6
DA:9,6
DA:10,5
DA:14,5
DA:15,4
DA:16,4
DA:23,7
DA:24,7
DA:25,7
DA:28,7
DA:32,0
DA:33,0
DA:34,0
DA:35,0
DA:36,0
LF:17
LH:12
BRDA:9,0,0,5
BRDA:9,0,1,1
BRDA:14,1,0,4
BRDA:14,1,1,1
BRDA:24,2,0,7
BRDA:24,2,1,0
BRDA:24,3,0,7
BRDA:24,3,1,7
BRF:8
BRH:7
end_of_record
TN:
SF:src/tiles/tile.js
FN:4,turnIntoTiles
FN:13,singleTile
FN:27,(anonymous_2)
FN:34,(anonymous_3)
FN:42,(anonymous_4)
FN:50,(anonymous_5)
FNF:6
FNH:6
FNDA:1,turnIntoTiles
FNDA:8,singleTile
FNDA:8,(anonymous_2)
FNDA:3,(anonymous_3)
FNDA:3,(anonymous_4)
FNDA:2,(anonymous_5)
DA:2,1
DA:5,1
DA:6,2
DA:7,4
DA:10,1
DA:14,8
DA:16,3
DA:18,3
DA:20,2
DA:28,8
DA:29,8
DA:35,3
DA:36,3
DA:37,3
DA:43,3
DA:44,3
DA:45,3
DA:51,2
DA:52,2
DA:53,2
LF:20
LH:20
BRDA:14,0,0,3
BRDA:14,0,1,3
BRDA:14,0,2,2
BRDA:14,0,3,0
BRF:4
BRH:3
end_of_record
